<?xml version="1.0" encoding="UTF-8"?>
<coverage generated="1758040355769" clover="3.2.0">
  <project timestamp="1758040355769" name="All files">
    <metrics statements="60" coveredstatements="21" conditionals="6" coveredconditionals="1" methods="34" coveredmethods="12" elements="100" coveredelements="34" complexity="0" loc="60" ncloc="60" packages="2" files="4" classes="4"/>
    <package name="notificacion">
      <metrics statements="14" coveredstatements="0" conditionals="0" coveredconditionals="0" methods="9" coveredmethods="0"/>
      <file name="FactoryNotificacion.js" path="C:\Users\HP LAPTOP\Desktop\tpa-2025-2c-grupo-6\packages\backend\domain\notificacion\FactoryNotificacion.js">
        <metrics statements="14" coveredstatements="0" conditionals="0" coveredconditionals="0" methods="9" coveredmethods="0"/>
        <line num="3" count="0" type="stmt"/>
        <line num="7" count="0" type="stmt"/>
        <line num="16" count="0" type="stmt"/>
        <line num="17" count="0" type="stmt"/>
        <line num="18" count="0" type="stmt"/>
        <line num="21" count="0" type="stmt"/>
        <line num="23" count="0" type="stmt"/>
        <line num="32" count="0" type="stmt"/>
        <line num="34" count="0" type="stmt"/>
        <line num="43" count="0" type="stmt"/>
        <line num="44" count="0" type="stmt"/>
        <line num="45" count="0" type="stmt"/>
        <line num="48" count="0" type="stmt"/>
        <line num="50" count="0" type="stmt"/>
      </file>
    </package>
    <package name="pedido">
      <metrics statements="46" coveredstatements="21" conditionals="6" coveredconditionals="1" methods="25" coveredmethods="12"/>
      <file name="CambioEstadoPedido.js" path="C:\Users\HP LAPTOP\Desktop\tpa-2025-2c-grupo-6\packages\backend\domain\pedido\CambioEstadoPedido.js">
        <metrics statements="10" coveredstatements="0" conditionals="0" coveredconditionals="0" methods="6" coveredmethods="0"/>
        <line num="9" count="0" type="stmt"/>
        <line num="10" count="0" type="stmt"/>
        <line num="11" count="0" type="stmt"/>
        <line num="12" count="0" type="stmt"/>
        <line num="13" count="0" type="stmt"/>
        <line num="17" count="0" type="stmt"/>
        <line num="18" count="0" type="stmt"/>
        <line num="19" count="0" type="stmt"/>
        <line num="20" count="0" type="stmt"/>
        <line num="21" count="0" type="stmt"/>
      </file>
      <file name="Pedido.js" path="C:\Users\HP LAPTOP\Desktop\tpa-2025-2c-grupo-6\packages\backend\domain\pedido\Pedido.js">
        <metrics statements="33" coveredstatements="18" conditionals="6" coveredconditionals="1" methods="19" coveredmethods="12"/>
        <line num="16" count="6" type="stmt"/>
        <line num="17" count="6" type="stmt"/>
        <line num="18" count="6" type="cond" truecount="1" falsecount="1"/>
        <line num="19" count="6" type="stmt"/>
        <line num="20" count="6" type="stmt"/>
        <line num="21" count="6" type="stmt"/>
        <line num="22" count="6" type="stmt"/>
        <line num="23" count="6" type="stmt"/>
        <line num="27" count="2" type="stmt"/>
        <line num="31" count="0" type="stmt"/>
        <line num="38" count="0" type="stmt"/>
        <line num="39" count="0" type="stmt"/>
        <line num="41" count="0" type="cond" truecount="0" falsecount="2"/>
        <line num="42" count="0" type="stmt"/>
        <line num="45" count="0" type="cond" truecount="0" falsecount="2"/>
        <line num="46" count="0" type="stmt"/>
        <line num="47" count="0" type="stmt"/>
        <line num="48" count="0" type="stmt"/>
        <line num="57" count="2" type="stmt"/>
        <line num="58" count="3" type="stmt"/>
        <line num="63" count="1" type="stmt"/>
        <line num="64" count="2" type="stmt"/>
        <line num="69" count="0" type="stmt"/>
        <line num="70" count="0" type="stmt"/>
        <line num="71" count="0" type="stmt"/>
        <line num="79" count="1" type="stmt"/>
        <line num="83" count="1" type="stmt"/>
        <line num="87" count="1" type="stmt"/>
        <line num="91" count="1" type="stmt"/>
        <line num="95" count="0" type="stmt"/>
        <line num="96" count="1" type="stmt"/>
        <line num="97" count="0" type="stmt"/>
        <line num="98" count="0" type="stmt"/>
      </file>
      <file name="enums.js" path="C:\Users\HP LAPTOP\Desktop\tpa-2025-2c-grupo-6\packages\backend\domain\pedido\enums.js">
        <metrics statements="3" coveredstatements="3" conditionals="0" coveredconditionals="0" methods="0" coveredmethods="0"/>
        <line num="1" count="1" type="stmt"/>
        <line num="7" count="1" type="stmt"/>
        <line num="13" count="1" type="stmt"/>
      </file>
    </package>
  </project>
</coverage>
