{"/Users/facundotomasetti/Desktop/tpa-2025-2c-grupo-6/packages/backend/controllers/pedidoController.js": {"path":"/Users/facundotomasetti/Desktop/tpa-2025-2c-grupo-6/packages/backend/controllers/pedidoController.js","statementMap":{"0":{"start":{"line":6,"column":4},"end":{"line":6,"column":39}},"1":{"start":{"line":9,"column":16},"end":{"line":20,"column":3}},"2":{"start":{"line":10,"column":4},"end":{"line":19,"column":5}},"3":{"start":{"line":11,"column":61},"end":{"line":11,"column":69}},"4":{"start":{"line":12,"column":21},"end":{"line":12,"column":101}},"5":{"start":{"line":13,"column":6},"end":{"line":16,"column":9}},"6":{"start":{"line":18,"column":6},"end":{"line":18,"column":51}},"7":{"start":{"line":22,"column":18},"end":{"line":29,"column":3}},"8":{"start":{"line":23,"column":4},"end":{"line":28,"column":5}},"9":{"start":{"line":24,"column":22},"end":{"line":24,"column":62}},"10":{"start":{"line":25,"column":6},"end":{"line":25,"column":52}},"11":{"start":{"line":25,"column":32},"end":{"line":25,"column":49}},"12":{"start":{"line":27,"column":6},"end":{"line":27,"column":51}},"13":{"start":{"line":31,"column":19},"end":{"line":43,"column":3}},"14":{"start":{"line":32,"column":4},"end":{"line":42,"column":5}},"15":{"start":{"line":33,"column":21},"end":{"line":33,"column":31}},"16":{"start":{"line":34,"column":24},"end":{"line":34,"column":42}},"17":{"start":{"line":35,"column":21},"end":{"line":35,"column":75}},"18":{"start":{"line":36,"column":6},"end":{"line":39,"column":9}},"19":{"start":{"line":41,"column":6},"end":{"line":41,"column":51}},"20":{"start":{"line":45,"column":26},"end":{"line":91,"column":1}},"21":{"start":{"line":46,"column":2},"end":{"line":87,"column":3}},"22":{"start":{"line":47,"column":22},"end":{"line":47,"column":42}},"23":{"start":{"line":48,"column":20},"end":{"line":48,"column":79}},"24":{"start":{"line":50,"column":21},"end":{"line":80,"column":7}},"25":{"start":{"line":50,"column":44},"end":{"line":80,"column":5}},"26":{"start":{"line":59,"column":44},"end":{"line":66,"column":7}},"27":{"start":{"line":82,"column":4},"end":{"line":82,"column":23}},"28":{"start":{"line":85,"column":4},"end":{"line":85,"column":68}},"29":{"start":{"line":86,"column":4},"end":{"line":86,"column":49}},"30":{"start":{"line":88,"column":2},"end":{"line":88,"column":48}},"31":{"start":{"line":89,"column":2},"end":{"line":89,"column":47}},"32":{"start":{"line":93,"column":24},"end":{"line":105,"column":3}},"33":{"start":{"line":94,"column":4},"end":{"line":104,"column":5}},"34":{"start":{"line":95,"column":23},"end":{"line":95,"column":36}},"35":{"start":{"line":96,"column":23},"end":{"line":96,"column":40}},"36":{"start":{"line":97,"column":21},"end":{"line":97,"column":83}},"37":{"start":{"line":98,"column":6},"end":{"line":101,"column":9}},"38":{"start":{"line":103,"column":6},"end":{"line":103,"column":51}}},"fnMap":{"0":{"name":"(anonymous_0)","decl":{"start":{"line":5,"column":2},"end":{"line":5,"column":3}},"loc":{"start":{"line":5,"column":29},"end":{"line":7,"column":3}},"line":5},"1":{"name":"(anonymous_1)","decl":{"start":{"line":9,"column":16},"end":{"line":9,"column":17}},"loc":{"start":{"line":9,"column":36},"end":{"line":20,"column":3}},"line":9},"2":{"name":"(anonymous_2)","decl":{"start":{"line":22,"column":18},"end":{"line":22,"column":19}},"loc":{"start":{"line":22,"column":38},"end":{"line":29,"column":3}},"line":22},"3":{"name":"(anonymous_3)","decl":{"start":{"line":25,"column":27},"end":{"line":25,"column":28}},"loc":{"start":{"line":25,"column":32},"end":{"line":25,"column":49}},"line":25},"4":{"name":"(anonymous_4)","decl":{"start":{"line":31,"column":19},"end":{"line":31,"column":20}},"loc":{"start":{"line":31,"column":39},"end":{"line":43,"column":3}},"line":31},"5":{"name":"(anonymous_5)","decl":{"start":{"line":45,"column":26},"end":{"line":45,"column":27}},"loc":{"start":{"line":45,"column":46},"end":{"line":91,"column":1}},"line":45},"6":{"name":"(anonymous_6)","decl":{"start":{"line":50,"column":33},"end":{"line":50,"column":34}},"loc":{"start":{"line":50,"column":44},"end":{"line":80,"column":5}},"line":50},"7":{"name":"(anonymous_7)","decl":{"start":{"line":59,"column":35},"end":{"line":59,"column":36}},"loc":{"start":{"line":59,"column":44},"end":{"line":66,"column":7}},"line":59},"8":{"name":"(anonymous_8)","decl":{"start":{"line":93,"column":24},"end":{"line":93,"column":25}},"loc":{"start":{"line":93,"column":44},"end":{"line":105,"column":3}},"line":93}},"branchMap":{},"s":{"0":1,"1":1,"2":7,"3":7,"4":7,"5":7,"6":0,"7":1,"8":0,"9":0,"10":0,"11":0,"12":0,"13":1,"14":4,"15":4,"16":4,"17":4,"18":2,"19":2,"20":1,"21":1,"22":1,"23":1,"24":1,"25":5,"26":5,"27":1,"28":0,"29":0,"30":1,"31":0,"32":1,"33":2,"34":2,"35":2,"36":2,"37":1,"38":1},"f":{"0":1,"1":7,"2":0,"3":0,"4":4,"5":1,"6":5,"7":5,"8":2},"b":{},"_coverageSchema":"1a1c01bbd47fc00a2c39e90264f33305004495a9","hash":"772caaab9d0f72559eed9bda700c08445c610654"}
,"/Users/facundotomasetti/Desktop/tpa-2025-2c-grupo-6/packages/backend/domain/pedido/CambioEstadoPedido.js": {"path":"/Users/facundotomasetti/Desktop/tpa-2025-2c-grupo-6/packages/backend/domain/pedido/CambioEstadoPedido.js","statementMap":{"0":{"start":{"line":9,"column":4},"end":{"line":9,"column":24}},"1":{"start":{"line":10,"column":4},"end":{"line":10,"column":26}},"2":{"start":{"line":11,"column":4},"end":{"line":11,"column":26}},"3":{"start":{"line":12,"column":4},"end":{"line":12,"column":28}},"4":{"start":{"line":13,"column":4},"end":{"line":13,"column":26}},"5":{"start":{"line":17,"column":15},"end":{"line":17,"column":34}},"6":{"start":{"line":18,"column":16},"end":{"line":18,"column":36}},"7":{"start":{"line":19,"column":16},"end":{"line":19,"column":36}},"8":{"start":{"line":20,"column":17},"end":{"line":20,"column":38}},"9":{"start":{"line":21,"column":16},"end":{"line":21,"column":36}}},"fnMap":{"0":{"name":"(anonymous_0)","decl":{"start":{"line":8,"column":2},"end":{"line":8,"column":3}},"loc":{"start":{"line":8,"column":54},"end":{"line":14,"column":3}},"line":8},"1":{"name":"(anonymous_1)","decl":{"start":{"line":17,"column":2},"end":{"line":17,"column":3}},"loc":{"start":{"line":17,"column":13},"end":{"line":17,"column":36}},"line":17},"2":{"name":"(anonymous_2)","decl":{"start":{"line":18,"column":2},"end":{"line":18,"column":3}},"loc":{"start":{"line":18,"column":14},"end":{"line":18,"column":38}},"line":18},"3":{"name":"(anonymous_3)","decl":{"start":{"line":19,"column":2},"end":{"line":19,"column":3}},"loc":{"start":{"line":19,"column":14},"end":{"line":19,"column":38}},"line":19},"4":{"name":"(anonymous_4)","decl":{"start":{"line":20,"column":2},"end":{"line":20,"column":3}},"loc":{"start":{"line":20,"column":15},"end":{"line":20,"column":40}},"line":20},"5":{"name":"(anonymous_5)","decl":{"start":{"line":21,"column":2},"end":{"line":21,"column":3}},"loc":{"start":{"line":21,"column":14},"end":{"line":21,"column":38}},"line":21}},"branchMap":{},"s":{"0":3,"1":3,"2":3,"3":3,"4":3,"5":0,"6":0,"7":0,"8":0,"9":0},"f":{"0":3,"1":0,"2":0,"3":0,"4":0,"5":0},"b":{},"_coverageSchema":"1a1c01bbd47fc00a2c39e90264f33305004495a9","hash":"156c9fd6086f84df0bfe706eef29fd0598b505c9"}
,"/Users/facundotomasetti/Desktop/tpa-2025-2c-grupo-6/packages/backend/domain/pedido/DireccionEntrega.js": {"path":"/Users/facundotomasetti/Desktop/tpa-2025-2c-grupo-6/packages/backend/domain/pedido/DireccionEntrega.js","statementMap":{"0":{"start":{"line":26,"column":4},"end":{"line":26,"column":24}},"1":{"start":{"line":27,"column":4},"end":{"line":27,"column":26}},"2":{"start":{"line":28,"column":4},"end":{"line":28,"column":22}},"3":{"start":{"line":29,"column":4},"end":{"line":29,"column":38}},"4":{"start":{"line":30,"column":4},"end":{"line":30,"column":32}},"5":{"start":{"line":31,"column":4},"end":{"line":31,"column":26}},"6":{"start":{"line":32,"column":4},"end":{"line":32,"column":32}},"7":{"start":{"line":33,"column":4},"end":{"line":33,"column":22}},"8":{"start":{"line":34,"column":4},"end":{"line":34,"column":20}},"9":{"start":{"line":35,"column":4},"end":{"line":35,"column":20}},"10":{"start":{"line":39,"column":4},"end":{"line":39,"column":23}},"11":{"start":{"line":43,"column":4},"end":{"line":43,"column":24}},"12":{"start":{"line":47,"column":14},"end":{"line":47,"column":32}},"13":{"start":{"line":48,"column":22},"end":{"line":48,"column":48}},"14":{"start":{"line":49,"column":19},"end":{"line":49,"column":42}},"15":{"start":{"line":50,"column":16},"end":{"line":50,"column":36}},"16":{"start":{"line":51,"column":19},"end":{"line":51,"column":42}},"17":{"start":{"line":52,"column":14},"end":{"line":52,"column":32}},"18":{"start":{"line":53,"column":13},"end":{"line":53,"column":30}},"19":{"start":{"line":54,"column":13},"end":{"line":54,"column":30}}},"fnMap":{"0":{"name":"(anonymous_0)","decl":{"start":{"line":14,"column":2},"end":{"line":14,"column":3}},"loc":{"start":{"line":25,"column":4},"end":{"line":36,"column":3}},"line":25},"1":{"name":"(anonymous_1)","decl":{"start":{"line":38,"column":2},"end":{"line":38,"column":3}},"loc":{"start":{"line":38,"column":13},"end":{"line":40,"column":3}},"line":38},"2":{"name":"(anonymous_2)","decl":{"start":{"line":42,"column":2},"end":{"line":42,"column":3}},"loc":{"start":{"line":42,"column":14},"end":{"line":44,"column":3}},"line":42},"3":{"name":"(anonymous_3)","decl":{"start":{"line":47,"column":2},"end":{"line":47,"column":3}},"loc":{"start":{"line":47,"column":12},"end":{"line":47,"column":34}},"line":47},"4":{"name":"(anonymous_4)","decl":{"start":{"line":48,"column":2},"end":{"line":48,"column":3}},"loc":{"start":{"line":48,"column":20},"end":{"line":48,"column":50}},"line":48},"5":{"name":"(anonymous_5)","decl":{"start":{"line":49,"column":2},"end":{"line":49,"column":3}},"loc":{"start":{"line":49,"column":17},"end":{"line":49,"column":44}},"line":49},"6":{"name":"(anonymous_6)","decl":{"start":{"line":50,"column":2},"end":{"line":50,"column":3}},"loc":{"start":{"line":50,"column":14},"end":{"line":50,"column":38}},"line":50},"7":{"name":"(anonymous_7)","decl":{"start":{"line":51,"column":2},"end":{"line":51,"column":3}},"loc":{"start":{"line":51,"column":17},"end":{"line":51,"column":44}},"line":51},"8":{"name":"(anonymous_8)","decl":{"start":{"line":52,"column":2},"end":{"line":52,"column":3}},"loc":{"start":{"line":52,"column":12},"end":{"line":52,"column":34}},"line":52},"9":{"name":"(anonymous_9)","decl":{"start":{"line":53,"column":2},"end":{"line":53,"column":3}},"loc":{"start":{"line":53,"column":11},"end":{"line":53,"column":32}},"line":53},"10":{"name":"(anonymous_10)","decl":{"start":{"line":54,"column":2},"end":{"line":54,"column":3}},"loc":{"start":{"line":54,"column":11},"end":{"line":54,"column":32}},"line":54}},"branchMap":{},"s":{"0":7,"1":7,"2":7,"3":7,"4":7,"5":7,"6":7,"7":7,"8":7,"9":7,"10":15,"11":15,"12":15,"13":15,"14":15,"15":15,"16":15,"17":15,"18":0,"19":0},"f":{"0":7,"1":15,"2":15,"3":15,"4":15,"5":15,"6":15,"7":15,"8":15,"9":0,"10":0},"b":{},"_coverageSchema":"1a1c01bbd47fc00a2c39e90264f33305004495a9","hash":"9cce0a5b16012a9f73fe3cd9f9307b2868c176c3"}
,"/Users/facundotomasetti/Desktop/tpa-2025-2c-grupo-6/packages/backend/domain/pedido/ItemPedido.js": {"path":"/Users/facundotomasetti/Desktop/tpa-2025-2c-grupo-6/packages/backend/domain/pedido/ItemPedido.js","statementMap":{"0":{"start":{"line":7,"column":4},"end":{"line":7,"column":30}},"1":{"start":{"line":8,"column":4},"end":{"line":8,"column":30}},"2":{"start":{"line":9,"column":4},"end":{"line":9,"column":42}},"3":{"start":{"line":13,"column":4},"end":{"line":13,"column":49}},"4":{"start":{"line":17,"column":4},"end":{"line":17,"column":26}},"5":{"start":{"line":21,"column":4},"end":{"line":21,"column":26}},"6":{"start":{"line":25,"column":24},"end":{"line":25,"column":52}}},"fnMap":{"0":{"name":"(anonymous_0)","decl":{"start":{"line":6,"column":2},"end":{"line":6,"column":3}},"loc":{"start":{"line":6,"column":50},"end":{"line":10,"column":3}},"line":6},"1":{"name":"(anonymous_1)","decl":{"start":{"line":12,"column":2},"end":{"line":12,"column":3}},"loc":{"start":{"line":12,"column":13},"end":{"line":14,"column":3}},"line":12},"2":{"name":"(anonymous_2)","decl":{"start":{"line":16,"column":2},"end":{"line":16,"column":3}},"loc":{"start":{"line":16,"column":16},"end":{"line":18,"column":3}},"line":16},"3":{"name":"(anonymous_3)","decl":{"start":{"line":20,"column":2},"end":{"line":20,"column":3}},"loc":{"start":{"line":20,"column":16},"end":{"line":22,"column":3}},"line":20},"4":{"name":"(anonymous_4)","decl":{"start":{"line":25,"column":2},"end":{"line":25,"column":3}},"loc":{"start":{"line":25,"column":22},"end":{"line":25,"column":54}},"line":25}},"branchMap":{},"s":{"0":7,"1":7,"2":7,"3":15,"4":98,"5":22,"6":15},"f":{"0":7,"1":15,"2":98,"3":22,"4":15},"b":{},"_coverageSchema":"1a1c01bbd47fc00a2c39e90264f33305004495a9","hash":"5d0244493dfe62c6768dea31c28cdda37eff8853"}
,"/Users/facundotomasetti/Desktop/tpa-2025-2c-grupo-6/packages/backend/domain/pedido/Pedido.js": {"path":"/Users/facundotomasetti/Desktop/tpa-2025-2c-grupo-6/packages/backend/domain/pedido/Pedido.js","statementMap":{"0":{"start":{"line":16,"column":4},"end":{"line":16,"column":18}},"1":{"start":{"line":17,"column":4},"end":{"line":17,"column":32}},"2":{"start":{"line":18,"column":4},"end":{"line":18,"column":30}},"3":{"start":{"line":19,"column":4},"end":{"line":19,"column":26}},"4":{"start":{"line":20,"column":4},"end":{"line":20,"column":46}},"5":{"start":{"line":21,"column":4},"end":{"line":21,"column":42}},"6":{"start":{"line":22,"column":4},"end":{"line":22,"column":37}},"7":{"start":{"line":23,"column":4},"end":{"line":23,"column":32}},"8":{"start":{"line":27,"column":4},"end":{"line":27,"column":71}},"9":{"start":{"line":27,"column":45},"end":{"line":27,"column":66}},"10":{"start":{"line":32,"column":4},"end":{"line":34,"column":5}},"11":{"start":{"line":33,"column":6},"end":{"line":33,"column":65}},"12":{"start":{"line":35,"column":19},"end":{"line":41,"column":5}},"13":{"start":{"line":42,"column":4},"end":{"line":42,"column":40}},"14":{"start":{"line":43,"column":4},"end":{"line":43,"column":31}},"15":{"start":{"line":45,"column":4},"end":{"line":47,"column":5}},"16":{"start":{"line":46,"column":27},"end":{"line":46,"column":75}},"17":{"start":{"line":49,"column":4},"end":{"line":57,"column":5}},"18":{"start":{"line":50,"column":25},"end":{"line":50,"column":49}},"19":{"start":{"line":51,"column":6},"end":{"line":56,"column":9}},"20":{"start":{"line":52,"column":29},"end":{"line":55,"column":9}},"21":{"start":{"line":61,"column":4},"end":{"line":63,"column":6}},"22":{"start":{"line":62,"column":6},"end":{"line":62,"column":59}},"23":{"start":{"line":67,"column":23},"end":{"line":67,"column":32}},"24":{"start":{"line":68,"column":4},"end":{"line":70,"column":7}},"25":{"start":{"line":69,"column":6},"end":{"line":69,"column":55}},"26":{"start":{"line":71,"column":4},"end":{"line":71,"column":34}},"27":{"start":{"line":75,"column":23},"end":{"line":75,"column":47}},"28":{"start":{"line":76,"column":4},"end":{"line":81,"column":7}},"29":{"start":{"line":77,"column":27},"end":{"line":80,"column":7}},"30":{"start":{"line":85,"column":4},"end":{"line":85,"column":27}},"31":{"start":{"line":89,"column":4},"end":{"line":89,"column":23}},"32":{"start":{"line":93,"column":4},"end":{"line":93,"column":34}},"33":{"start":{"line":97,"column":4},"end":{"line":97,"column":20}},"34":{"start":{"line":101,"column":16},"end":{"line":101,"column":36}},"35":{"start":{"line":102,"column":16},"end":{"line":102,"column":36}},"36":{"start":{"line":103,"column":23},"end":{"line":103,"column":50}},"37":{"start":{"line":104,"column":26},"end":{"line":104,"column":56}},"38":{"start":{"line":107,"column":4},"end":{"line":144,"column":6}},"39":{"start":{"line":109,"column":38},"end":{"line":123,"column":7}}},"fnMap":{"0":{"name":"(anonymous_0)","decl":{"start":{"line":15,"column":2},"end":{"line":15,"column":3}},"loc":{"start":{"line":15,"column":62},"end":{"line":24,"column":3}},"line":15},"1":{"name":"(anonymous_1)","decl":{"start":{"line":26,"column":2},"end":{"line":26,"column":3}},"loc":{"start":{"line":26,"column":18},"end":{"line":28,"column":3}},"line":26},"2":{"name":"(anonymous_2)","decl":{"start":{"line":27,"column":30},"end":{"line":27,"column":31}},"loc":{"start":{"line":27,"column":45},"end":{"line":27,"column":66}},"line":27},"3":{"name":"(anonymous_3)","decl":{"start":{"line":30,"column":2},"end":{"line":30,"column":3}},"loc":{"start":{"line":30,"column":47},"end":{"line":58,"column":3}},"line":30},"4":{"name":"(anonymous_4)","decl":{"start":{"line":51,"column":25},"end":{"line":51,"column":26}},"loc":{"start":{"line":51,"column":39},"end":{"line":56,"column":7}},"line":51},"5":{"name":"(anonymous_5)","decl":{"start":{"line":60,"column":2},"end":{"line":60,"column":3}},"loc":{"start":{"line":60,"column":17},"end":{"line":64,"column":3}},"line":60},"6":{"name":"(anonymous_6)","decl":{"start":{"line":61,"column":29},"end":{"line":61,"column":30}},"loc":{"start":{"line":62,"column":6},"end":{"line":62,"column":59}},"line":62},"7":{"name":"(anonymous_7)","decl":{"start":{"line":66,"column":2},"end":{"line":66,"column":3}},"loc":{"start":{"line":66,"column":22},"end":{"line":72,"column":3}},"line":66},"8":{"name":"(anonymous_8)","decl":{"start":{"line":68,"column":24},"end":{"line":68,"column":25}},"loc":{"start":{"line":68,"column":34},"end":{"line":70,"column":5}},"line":68},"9":{"name":"(anonymous_9)","decl":{"start":{"line":74,"column":2},"end":{"line":74,"column":3}},"loc":{"start":{"line":74,"column":16},"end":{"line":82,"column":3}},"line":74},"10":{"name":"(anonymous_10)","decl":{"start":{"line":76,"column":23},"end":{"line":76,"column":24}},"loc":{"start":{"line":76,"column":37},"end":{"line":81,"column":5}},"line":76},"11":{"name":"(anonymous_11)","decl":{"start":{"line":84,"column":2},"end":{"line":84,"column":3}},"loc":{"start":{"line":84,"column":17},"end":{"line":86,"column":3}},"line":84},"12":{"name":"(anonymous_12)","decl":{"start":{"line":88,"column":2},"end":{"line":88,"column":3}},"loc":{"start":{"line":88,"column":13},"end":{"line":90,"column":3}},"line":88},"13":{"name":"(anonymous_13)","decl":{"start":{"line":92,"column":2},"end":{"line":92,"column":3}},"loc":{"start":{"line":92,"column":24},"end":{"line":94,"column":3}},"line":92},"14":{"name":"(anonymous_14)","decl":{"start":{"line":96,"column":2},"end":{"line":96,"column":3}},"loc":{"start":{"line":96,"column":10},"end":{"line":98,"column":3}},"line":96},"15":{"name":"(anonymous_15)","decl":{"start":{"line":101,"column":2},"end":{"line":101,"column":3}},"loc":{"start":{"line":101,"column":14},"end":{"line":101,"column":38}},"line":101},"16":{"name":"(anonymous_16)","decl":{"start":{"line":102,"column":2},"end":{"line":102,"column":3}},"loc":{"start":{"line":102,"column":14},"end":{"line":102,"column":38}},"line":102},"17":{"name":"(anonymous_17)","decl":{"start":{"line":103,"column":2},"end":{"line":103,"column":3}},"loc":{"start":{"line":103,"column":21},"end":{"line":103,"column":52}},"line":103},"18":{"name":"(anonymous_18)","decl":{"start":{"line":104,"column":2},"end":{"line":104,"column":3}},"loc":{"start":{"line":104,"column":24},"end":{"line":104,"column":58}},"line":104},"19":{"name":"(anonymous_19)","decl":{"start":{"line":106,"column":2},"end":{"line":106,"column":3}},"loc":{"start":{"line":106,"column":18},"end":{"line":145,"column":3}},"line":106},"20":{"name":"(anonymous_20)","decl":{"start":{"line":109,"column":29},"end":{"line":109,"column":30}},"loc":{"start":{"line":109,"column":38},"end":{"line":123,"column":7}},"line":109}},"branchMap":{"0":{"loc":{"start":{"line":18,"column":18},"end":{"line":18,"column":29}},"type":"binary-expr","locations":[{"start":{"line":18,"column":18},"end":{"line":18,"column":23}},{"start":{"line":18,"column":27},"end":{"line":18,"column":29}}],"line":18},"1":{"loc":{"start":{"line":32,"column":4},"end":{"line":34,"column":5}},"type":"if","locations":[{"start":{"line":32,"column":4},"end":{"line":34,"column":5}},{"start":{},"end":{}}],"line":32},"2":{"loc":{"start":{"line":32,"column":8},"end":{"line":32,"column":89}},"type":"binary-expr","locations":[{"start":{"line":32,"column":8},"end":{"line":32,"column":47}},{"start":{"line":32,"column":51},"end":{"line":32,"column":89}}],"line":32},"3":{"loc":{"start":{"line":45,"column":4},"end":{"line":47,"column":5}},"type":"if","locations":[{"start":{"line":45,"column":4},"end":{"line":47,"column":5}},{"start":{},"end":{}}],"line":45},"4":{"loc":{"start":{"line":49,"column":4},"end":{"line":57,"column":5}},"type":"if","locations":[{"start":{"line":49,"column":4},"end":{"line":57,"column":5}},{"start":{},"end":{}}],"line":49}},"s":{"0":7,"1":7,"2":7,"3":7,"4":7,"5":7,"6":7,"7":7,"8":15,"9":15,"10":3,"11":0,"12":3,"13":3,"14":3,"15":3,"16":1,"17":3,"18":2,"19":2,"20":2,"21":7,"22":7,"23":9,"24":9,"25":9,"26":9,"27":7,"28":7,"29":7,"30":34,"31":7,"32":40,"33":97,"34":0,"35":11,"36":5,"37":0,"38":10,"39":10},"f":{"0":7,"1":15,"2":15,"3":3,"4":2,"5":7,"6":7,"7":9,"8":9,"9":7,"10":7,"11":34,"12":7,"13":40,"14":97,"15":0,"16":11,"17":5,"18":0,"19":10,"20":10},"b":{"0":[7,0],"1":[0,3],"2":[3,0],"3":[1,2],"4":[2,1]},"_coverageSchema":"1a1c01bbd47fc00a2c39e90264f33305004495a9","hash":"48d018c7b18582d891a4141bfd703a21535a9240"}
,"/Users/facundotomasetti/Desktop/tpa-2025-2c-grupo-6/packages/backend/domain/pedido/enums.js": {"path":"/Users/facundotomasetti/Desktop/tpa-2025-2c-grupo-6/packages/backend/domain/pedido/enums.js","statementMap":{"0":{"start":{"line":1,"column":27},"end":{"line":5,"column":2}},"1":{"start":{"line":7,"column":22},"end":{"line":11,"column":2}},"2":{"start":{"line":13,"column":28},"end":{"line":20,"column":2}}},"fnMap":{},"branchMap":{},"s":{"0":1,"1":1,"2":1},"f":{},"b":{},"_coverageSchema":"1a1c01bbd47fc00a2c39e90264f33305004495a9","hash":"bd699137995d70ff43c7da1d20adf8c900495ed9"}
,"/Users/facundotomasetti/Desktop/tpa-2025-2c-grupo-6/packages/backend/domain/producto/Producto.js": {"path":"/Users/facundotomasetti/Desktop/tpa-2025-2c-grupo-6/packages/backend/domain/producto/Producto.js","statementMap":{"0":{"start":{"line":27,"column":4},"end":{"line":27,"column":18}},"1":{"start":{"line":28,"column":4},"end":{"line":28,"column":30}},"2":{"start":{"line":29,"column":4},"end":{"line":29,"column":26}},"3":{"start":{"line":30,"column":4},"end":{"line":30,"column":26}},"4":{"start":{"line":31,"column":4},"end":{"line":31,"column":36}},"5":{"start":{"line":32,"column":4},"end":{"line":32,"column":34}},"6":{"start":{"line":33,"column":4},"end":{"line":33,"column":26}},"7":{"start":{"line":34,"column":4},"end":{"line":34,"column":26}},"8":{"start":{"line":35,"column":4},"end":{"line":35,"column":24}},"9":{"start":{"line":36,"column":4},"end":{"line":36,"column":30}},"10":{"start":{"line":37,"column":4},"end":{"line":37,"column":26}},"11":{"start":{"line":41,"column":4},"end":{"line":41,"column":35}},"12":{"start":{"line":45,"column":4},"end":{"line":49,"column":5}},"13":{"start":{"line":46,"column":6},"end":{"line":46,"column":30}},"14":{"start":{"line":48,"column":6},"end":{"line":48,"column":44}},"15":{"start":{"line":53,"column":4},"end":{"line":53,"column":28}},"16":{"start":{"line":57,"column":4},"end":{"line":57,"column":27}},"17":{"start":{"line":61,"column":4},"end":{"line":61,"column":26}},"18":{"start":{"line":65,"column":4},"end":{"line":65,"column":24}},"19":{"start":{"line":69,"column":12},"end":{"line":69,"column":28}},"20":{"start":{"line":70,"column":16},"end":{"line":70,"column":36}},"21":{"start":{"line":71,"column":21},"end":{"line":71,"column":46}},"22":{"start":{"line":72,"column":20},"end":{"line":72,"column":44}},"23":{"start":{"line":73,"column":16},"end":{"line":73,"column":36}},"24":{"start":{"line":74,"column":16},"end":{"line":74,"column":36}},"25":{"start":{"line":75,"column":15},"end":{"line":75,"column":34}},"26":{"start":{"line":76,"column":15},"end":{"line":76,"column":34}},"27":{"start":{"line":77,"column":15},"end":{"line":77,"column":35}}},"fnMap":{"0":{"name":"(anonymous_0)","decl":{"start":{"line":14,"column":2},"end":{"line":14,"column":3}},"loc":{"start":{"line":26,"column":4},"end":{"line":38,"column":3}},"line":26},"1":{"name":"(anonymous_1)","decl":{"start":{"line":40,"column":2},"end":{"line":40,"column":3}},"loc":{"start":{"line":40,"column":27},"end":{"line":42,"column":3}},"line":40},"2":{"name":"(anonymous_2)","decl":{"start":{"line":44,"column":2},"end":{"line":44,"column":3}},"loc":{"start":{"line":44,"column":25},"end":{"line":50,"column":3}},"line":44},"3":{"name":"(anonymous_3)","decl":{"start":{"line":52,"column":2},"end":{"line":52,"column":3}},"loc":{"start":{"line":52,"column":26},"end":{"line":54,"column":3}},"line":52},"4":{"name":"(anonymous_4)","decl":{"start":{"line":56,"column":2},"end":{"line":56,"column":3}},"loc":{"start":{"line":56,"column":20},"end":{"line":58,"column":3}},"line":56},"5":{"name":"(anonymous_5)","decl":{"start":{"line":60,"column":2},"end":{"line":60,"column":3}},"loc":{"start":{"line":60,"column":16},"end":{"line":62,"column":3}},"line":60},"6":{"name":"(anonymous_6)","decl":{"start":{"line":64,"column":2},"end":{"line":64,"column":3}},"loc":{"start":{"line":64,"column":14},"end":{"line":66,"column":3}},"line":64},"7":{"name":"(anonymous_7)","decl":{"start":{"line":69,"column":2},"end":{"line":69,"column":3}},"loc":{"start":{"line":69,"column":10},"end":{"line":69,"column":30}},"line":69},"8":{"name":"(anonymous_8)","decl":{"start":{"line":70,"column":2},"end":{"line":70,"column":3}},"loc":{"start":{"line":70,"column":14},"end":{"line":70,"column":38}},"line":70},"9":{"name":"(anonymous_9)","decl":{"start":{"line":71,"column":2},"end":{"line":71,"column":3}},"loc":{"start":{"line":71,"column":19},"end":{"line":71,"column":48}},"line":71},"10":{"name":"(anonymous_10)","decl":{"start":{"line":72,"column":2},"end":{"line":72,"column":3}},"loc":{"start":{"line":72,"column":18},"end":{"line":72,"column":46}},"line":72},"11":{"name":"(anonymous_11)","decl":{"start":{"line":73,"column":2},"end":{"line":73,"column":3}},"loc":{"start":{"line":73,"column":14},"end":{"line":73,"column":38}},"line":73},"12":{"name":"(anonymous_12)","decl":{"start":{"line":74,"column":2},"end":{"line":74,"column":3}},"loc":{"start":{"line":74,"column":14},"end":{"line":74,"column":38}},"line":74},"13":{"name":"(anonymous_13)","decl":{"start":{"line":75,"column":2},"end":{"line":75,"column":3}},"loc":{"start":{"line":75,"column":13},"end":{"line":75,"column":36}},"line":75},"14":{"name":"(anonymous_14)","decl":{"start":{"line":76,"column":2},"end":{"line":76,"column":3}},"loc":{"start":{"line":76,"column":13},"end":{"line":76,"column":36}},"line":76},"15":{"name":"(anonymous_15)","decl":{"start":{"line":77,"column":2},"end":{"line":77,"column":3}},"loc":{"start":{"line":77,"column":13},"end":{"line":77,"column":37}},"line":77}},"branchMap":{"0":{"loc":{"start":{"line":36,"column":18},"end":{"line":36,"column":29}},"type":"binary-expr","locations":[{"start":{"line":36,"column":18},"end":{"line":36,"column":23}},{"start":{"line":36,"column":27},"end":{"line":36,"column":29}}],"line":36},"1":{"loc":{"start":{"line":45,"column":4},"end":{"line":49,"column":5}},"type":"if","locations":[{"start":{"line":45,"column":4},"end":{"line":49,"column":5}},{"start":{"line":47,"column":11},"end":{"line":49,"column":5}}],"line":45}},"s":{"0":7,"1":7,"2":7,"3":7,"4":7,"5":7,"6":7,"7":7,"8":7,"9":7,"10":7,"11":7,"12":0,"13":0,"14":0,"15":0,"16":0,"17":61,"18":15,"19":15,"20":0,"21":0,"22":0,"23":0,"24":0,"25":0,"26":0,"27":0},"f":{"0":7,"1":7,"2":0,"3":0,"4":0,"5":61,"6":15,"7":15,"8":0,"9":0,"10":0,"11":0,"12":0,"13":0,"14":0,"15":0},"b":{"0":[7,0],"1":[0,0]},"_coverageSchema":"1a1c01bbd47fc00a2c39e90264f33305004495a9","hash":"f67e0e705208bc3782634416554b15ff936d8c75"}
,"/Users/facundotomasetti/Desktop/tpa-2025-2c-grupo-6/packages/backend/domain/usuario/Usuario.js": {"path":"/Users/facundotomasetti/Desktop/tpa-2025-2c-grupo-6/packages/backend/domain/usuario/Usuario.js","statementMap":{"0":{"start":{"line":10,"column":4},"end":{"line":10,"column":18}},"1":{"start":{"line":11,"column":4},"end":{"line":11,"column":26}},"2":{"start":{"line":12,"column":4},"end":{"line":12,"column":24}},"3":{"start":{"line":13,"column":4},"end":{"line":13,"column":30}},"4":{"start":{"line":14,"column":4},"end":{"line":14,"column":36}},"5":{"start":{"line":15,"column":4},"end":{"line":15,"column":33}},"6":{"start":{"line":19,"column":4},"end":{"line":19,"column":24}},"7":{"start":{"line":23,"column":4},"end":{"line":23,"column":20}},"8":{"start":{"line":27,"column":15},"end":{"line":27,"column":34}},"9":{"start":{"line":28,"column":18},"end":{"line":28,"column":40}},"10":{"start":{"line":29,"column":21},"end":{"line":29,"column":46}},"11":{"start":{"line":30,"column":19},"end":{"line":30,"column":42}}},"fnMap":{"0":{"name":"(anonymous_0)","decl":{"start":{"line":9,"column":2},"end":{"line":9,"column":3}},"loc":{"start":{"line":9,"column":56},"end":{"line":16,"column":3}},"line":9},"1":{"name":"(anonymous_1)","decl":{"start":{"line":18,"column":2},"end":{"line":18,"column":3}},"loc":{"start":{"line":18,"column":14},"end":{"line":20,"column":3}},"line":18},"2":{"name":"(anonymous_2)","decl":{"start":{"line":22,"column":2},"end":{"line":22,"column":3}},"loc":{"start":{"line":22,"column":10},"end":{"line":24,"column":3}},"line":22},"3":{"name":"(anonymous_3)","decl":{"start":{"line":27,"column":2},"end":{"line":27,"column":3}},"loc":{"start":{"line":27,"column":13},"end":{"line":27,"column":36}},"line":27},"4":{"name":"(anonymous_4)","decl":{"start":{"line":28,"column":2},"end":{"line":28,"column":3}},"loc":{"start":{"line":28,"column":16},"end":{"line":28,"column":42}},"line":28},"5":{"name":"(anonymous_5)","decl":{"start":{"line":29,"column":2},"end":{"line":29,"column":3}},"loc":{"start":{"line":29,"column":19},"end":{"line":29,"column":48}},"line":29},"6":{"name":"(anonymous_6)","decl":{"start":{"line":30,"column":2},"end":{"line":30,"column":3}},"loc":{"start":{"line":30,"column":17},"end":{"line":30,"column":44}},"line":30}},"branchMap":{},"s":{"0":14,"1":14,"2":14,"3":14,"4":14,"5":14,"6":25,"7":36,"8":25,"9":25,"10":25,"11":0},"f":{"0":14,"1":25,"2":36,"3":25,"4":25,"5":25,"6":0},"b":{},"_coverageSchema":"1a1c01bbd47fc00a2c39e90264f33305004495a9","hash":"1e9a569e97feb8b9ef47649ae2f87a043c8b0d56"}
,"/Users/facundotomasetti/Desktop/tpa-2025-2c-grupo-6/packages/backend/repositories/pedidoRepository.js": {"path":"/Users/facundotomasetti/Desktop/tpa-2025-2c-grupo-6/packages/backend/repositories/pedidoRepository.js","statementMap":{"0":{"start":{"line":3,"column":4},"end":{"line":3,"column":22}},"1":{"start":{"line":7,"column":18},"end":{"line":7,"column":75}},"2":{"start":{"line":7,"column":46},"end":{"line":7,"column":74}},"3":{"start":{"line":8,"column":4},"end":{"line":12,"column":5}},"4":{"start":{"line":9,"column":6},"end":{"line":9,"column":35}},"5":{"start":{"line":11,"column":6},"end":{"line":11,"column":32}},"6":{"start":{"line":13,"column":4},"end":{"line":13,"column":18}},"7":{"start":{"line":17,"column":4},"end":{"line":17,"column":24}},"8":{"start":{"line":21,"column":4},"end":{"line":21,"column":52}},"9":{"start":{"line":21,"column":34},"end":{"line":21,"column":50}}},"fnMap":{"0":{"name":"(anonymous_0)","decl":{"start":{"line":2,"column":2},"end":{"line":2,"column":3}},"loc":{"start":{"line":2,"column":16},"end":{"line":4,"column":3}},"line":2},"1":{"name":"(anonymous_1)","decl":{"start":{"line":6,"column":2},"end":{"line":6,"column":3}},"loc":{"start":{"line":6,"column":21},"end":{"line":14,"column":3}},"line":6},"2":{"name":"(anonymous_2)","decl":{"start":{"line":7,"column":41},"end":{"line":7,"column":42}},"loc":{"start":{"line":7,"column":46},"end":{"line":7,"column":74}},"line":7},"3":{"name":"(anonymous_3)","decl":{"start":{"line":16,"column":2},"end":{"line":16,"column":3}},"loc":{"start":{"line":16,"column":18},"end":{"line":18,"column":3}},"line":16},"4":{"name":"(anonymous_4)","decl":{"start":{"line":20,"column":2},"end":{"line":20,"column":3}},"loc":{"start":{"line":20,"column":21},"end":{"line":22,"column":3}},"line":20},"5":{"name":"(anonymous_5)","decl":{"start":{"line":21,"column":29},"end":{"line":21,"column":30}},"loc":{"start":{"line":21,"column":34},"end":{"line":21,"column":50}},"line":21}},"branchMap":{"0":{"loc":{"start":{"line":8,"column":4},"end":{"line":12,"column":5}},"type":"if","locations":[{"start":{"line":8,"column":4},"end":{"line":12,"column":5}},{"start":{"line":10,"column":11},"end":{"line":12,"column":5}}],"line":8}},"s":{"0":1,"1":10,"2":33,"3":10,"4":3,"5":7,"6":10,"7":1,"8":6,"9":26},"f":{"0":1,"1":10,"2":33,"3":1,"4":6,"5":26},"b":{"0":[3,7]},"_coverageSchema":"1a1c01bbd47fc00a2c39e90264f33305004495a9","hash":"aedfc9b534276fa23c5e10700f480c1a284d5756"}
,"/Users/facundotomasetti/Desktop/tpa-2025-2c-grupo-6/packages/backend/routes/pedidoRoutes.js": {"path":"/Users/facundotomasetti/Desktop/tpa-2025-2c-grupo-6/packages/backend/routes/pedidoRoutes.js","statementMap":{"0":{"start":{"line":4,"column":17},"end":{"line":4,"column":33}},"1":{"start":{"line":6,"column":2},"end":{"line":6,"column":49}},"2":{"start":{"line":7,"column":2},"end":{"line":7,"column":50}},"3":{"start":{"line":8,"column":2},"end":{"line":8,"column":65}},"4":{"start":{"line":9,"column":2},"end":{"line":9,"column":78}},"5":{"start":{"line":10,"column":2},"end":{"line":10,"column":68}},"6":{"start":{"line":12,"column":2},"end":{"line":12,"column":16}}},"fnMap":{"0":{"name":"createPedidoRouter","decl":{"start":{"line":3,"column":16},"end":{"line":3,"column":34}},"loc":{"start":{"line":3,"column":53},"end":{"line":13,"column":1}},"line":3}},"branchMap":{},"s":{"0":7,"1":7,"2":7,"3":7,"4":7,"5":7,"6":7},"f":{"0":7},"b":{},"_coverageSchema":"1a1c01bbd47fc00a2c39e90264f33305004495a9","hash":"82465a49cbb288481724db6900e578f32f9b7ccb"}
,"/Users/facundotomasetti/Desktop/tpa-2025-2c-grupo-6/packages/backend/services/pedidoService.js": {"path":"/Users/facundotomasetti/Desktop/tpa-2025-2c-grupo-6/packages/backend/services/pedidoService.js","statementMap":{"0":{"start":{"line":9,"column":4},"end":{"line":9,"column":45}},"1":{"start":{"line":10,"column":4},"end":{"line":10,"column":49}},"2":{"start":{"line":15,"column":31},"end":{"line":21,"column":5}},"3":{"start":{"line":23,"column":27},"end":{"line":47,"column":5}},"4":{"start":{"line":24,"column":6},"end":{"line":46,"column":7}},"5":{"start":{"line":49,"column":38},"end":{"line":60,"column":5}},"6":{"start":{"line":62,"column":19},"end":{"line":68,"column":5}},"7":{"start":{"line":70,"column":4},"end":{"line":72,"column":5}},"8":{"start":{"line":71,"column":6},"end":{"line":71,"column":69}},"9":{"start":{"line":74,"column":4},"end":{"line":74,"column":25}},"10":{"start":{"line":75,"column":4},"end":{"line":75,"column":46}},"11":{"start":{"line":80,"column":4},"end":{"line":80,"column":43}},"12":{"start":{"line":85,"column":19},"end":{"line":85,"column":65}},"13":{"start":{"line":86,"column":4},"end":{"line":86,"column":57}},"14":{"start":{"line":86,"column":17},"end":{"line":86,"column":57}},"15":{"start":{"line":88,"column":4},"end":{"line":90,"column":1}},"16":{"start":{"line":89,"column":4},"end":{"line":89,"column":81}},"17":{"start":{"line":92,"column":4},"end":{"line":96,"column":5}},"18":{"start":{"line":93,"column":6},"end":{"line":93,"column":72}},"19":{"start":{"line":94,"column":11},"end":{"line":96,"column":5}},"20":{"start":{"line":95,"column":6},"end":{"line":95,"column":63}},"21":{"start":{"line":98,"column":4},"end":{"line":98,"column":82}},"22":{"start":{"line":99,"column":4},"end":{"line":99,"column":46}},"23":{"start":{"line":111,"column":16},"end":{"line":111,"column":53}},"24":{"start":{"line":112,"column":2},"end":{"line":114,"column":4}},"25":{"start":{"line":113,"column":9},"end":{"line":113,"column":69}},"26":{"start":{"line":120,"column":19},"end":{"line":120,"column":65}},"27":{"start":{"line":121,"column":4},"end":{"line":121,"column":57}},"28":{"start":{"line":121,"column":17},"end":{"line":121,"column":57}},"29":{"start":{"line":123,"column":26},"end":{"line":125,"column":5}},"30":{"start":{"line":124,"column":11},"end":{"line":124,"column":59}},"31":{"start":{"line":127,"column":4},"end":{"line":129,"column":5}},"32":{"start":{"line":128,"column":6},"end":{"line":128,"column":76}},"33":{"start":{"line":131,"column":4},"end":{"line":131,"column":80}},"34":{"start":{"line":132,"column":4},"end":{"line":132,"column":46}}},"fnMap":{"0":{"name":"(anonymous_0)","decl":{"start":{"line":8,"column":2},"end":{"line":8,"column":3}},"loc":{"start":{"line":8,"column":52},"end":{"line":11,"column":3}},"line":8},"1":{"name":"(anonymous_1)","decl":{"start":{"line":14,"column":2},"end":{"line":14,"column":3}},"loc":{"start":{"line":14,"column":64},"end":{"line":76,"column":3}},"line":14},"2":{"name":"(anonymous_2)","decl":{"start":{"line":23,"column":37},"end":{"line":23,"column":38}},"loc":{"start":{"line":24,"column":6},"end":{"line":46,"column":7}},"line":24},"3":{"name":"(anonymous_3)","decl":{"start":{"line":79,"column":2},"end":{"line":79,"column":3}},"loc":{"start":{"line":79,"column":24},"end":{"line":81,"column":3}},"line":79},"4":{"name":"(anonymous_4)","decl":{"start":{"line":84,"column":2},"end":{"line":84,"column":3}},"loc":{"start":{"line":84,"column":44},"end":{"line":100,"column":3}},"line":84},"5":{"name":"(anonymous_5)","decl":{"start":{"line":110,"column":2},"end":{"line":110,"column":3}},"loc":{"start":{"line":110,"column":43},"end":{"line":115,"column":1}},"line":110},"6":{"name":"(anonymous_6)","decl":{"start":{"line":113,"column":4},"end":{"line":113,"column":5}},"loc":{"start":{"line":113,"column":9},"end":{"line":113,"column":69}},"line":113},"7":{"name":"(anonymous_7)","decl":{"start":{"line":119,"column":2},"end":{"line":119,"column":3}},"loc":{"start":{"line":119,"column":46},"end":{"line":133,"column":3}},"line":119},"8":{"name":"(anonymous_8)","decl":{"start":{"line":124,"column":6},"end":{"line":124,"column":7}},"loc":{"start":{"line":124,"column":11},"end":{"line":124,"column":59}},"line":124}},"branchMap":{"0":{"loc":{"start":{"line":70,"column":4},"end":{"line":72,"column":5}},"type":"if","locations":[{"start":{"line":70,"column":4},"end":{"line":72,"column":5}},{"start":{},"end":{}}],"line":70},"1":{"loc":{"start":{"line":86,"column":4},"end":{"line":86,"column":57}},"type":"if","locations":[{"start":{"line":86,"column":4},"end":{"line":86,"column":57}},{"start":{},"end":{}}],"line":86},"2":{"loc":{"start":{"line":88,"column":4},"end":{"line":90,"column":1}},"type":"if","locations":[{"start":{"line":88,"column":4},"end":{"line":90,"column":1}},{"start":{},"end":{}}],"line":88},"3":{"loc":{"start":{"line":92,"column":4},"end":{"line":96,"column":5}},"type":"if","locations":[{"start":{"line":92,"column":4},"end":{"line":96,"column":5}},{"start":{"line":94,"column":11},"end":{"line":96,"column":5}}],"line":92},"4":{"loc":{"start":{"line":94,"column":11},"end":{"line":96,"column":5}},"type":"if","locations":[{"start":{"line":94,"column":11},"end":{"line":96,"column":5}},{"start":{},"end":{}}],"line":94},"5":{"loc":{"start":{"line":121,"column":4},"end":{"line":121,"column":57}},"type":"if","locations":[{"start":{"line":121,"column":4},"end":{"line":121,"column":57}},{"start":{},"end":{}}],"line":121},"6":{"loc":{"start":{"line":127,"column":4},"end":{"line":129,"column":5}},"type":"if","locations":[{"start":{"line":127,"column":4},"end":{"line":129,"column":5}},{"start":{},"end":{}}],"line":127}},"s":{"0":1,"1":1,"2":7,"3":7,"4":7,"5":7,"6":7,"7":7,"8":0,"9":7,"10":7,"11":0,"12":4,"13":4,"14":0,"15":4,"16":1,"17":3,"18":0,"19":3,"20":1,"21":2,"22":2,"23":1,"24":1,"25":5,"26":2,"27":2,"28":0,"29":2,"30":2,"31":2,"32":1,"33":1,"34":1},"f":{"0":1,"1":7,"2":7,"3":0,"4":4,"5":1,"6":5,"7":2,"8":2},"b":{"0":[0,7],"1":[0,4],"2":[1,3],"3":[0,3],"4":[1,2],"5":[0,2],"6":[1,1]},"_coverageSchema":"1a1c01bbd47fc00a2c39e90264f33305004495a9","hash":"16a66e768b9bf954c42280539065e6a1630b1835"}
}
