{"C:\\Users\\HP LAPTOP\\Desktop\\tpa-2025-2c-grupo-6\\packages\\backend\\domain\\notificacion\\FactoryNotificacion.js": {"path":"C:\\Users\\HP LAPTOP\\Desktop\\tpa-2025-2c-grupo-6\\packages\\backend\\domain\\notificacion\\FactoryNotificacion.js","statementMap":{"0":{"start":{"line":3,"column":4},"end":{"line":3,"column":55}},"1":{"start":{"line":7,"column":4},"end":{"line":12,"column":6}},"2":{"start":{"line":16,"column":22},"end":{"line":19,"column":17}},"3":{"start":{"line":17,"column":24},"end":{"line":17,"column":85}},"4":{"start":{"line":18,"column":21},"end":{"line":18,"column":81}},"5":{"start":{"line":21,"column":20},"end":{"line":21,"column":234}},"6":{"start":{"line":23,"column":4},"end":{"line":28,"column":6}},"7":{"start":{"line":32,"column":20},"end":{"line":32,"column":84}},"8":{"start":{"line":34,"column":4},"end":{"line":39,"column":6}},"9":{"start":{"line":43,"column":22},"end":{"line":46,"column":17}},"10":{"start":{"line":44,"column":24},"end":{"line":44,"column":85}},"11":{"start":{"line":45,"column":21},"end":{"line":45,"column":81}},"12":{"start":{"line":48,"column":20},"end":{"line":48,"column":150}},"13":{"start":{"line":50,"column":4},"end":{"line":55,"column":6}}},"fnMap":{"0":{"name":"(anonymous_0)","decl":{"start":{"line":2,"column":2},"end":{"line":2,"column":3}},"loc":{"start":{"line":2,"column":46},"end":{"line":4,"column":3}},"line":2},"1":{"name":"(anonymous_1)","decl":{"start":{"line":6,"column":2},"end":{"line":6,"column":3}},"loc":{"start":{"line":6,"column":34},"end":{"line":13,"column":3}},"line":6},"2":{"name":"(anonymous_2)","decl":{"start":{"line":15,"column":2},"end":{"line":15,"column":3}},"loc":{"start":{"line":15,"column":56},"end":{"line":29,"column":3}},"line":15},"3":{"name":"(anonymous_3)","decl":{"start":{"line":17,"column":14},"end":{"line":17,"column":15}},"loc":{"start":{"line":17,"column":24},"end":{"line":17,"column":85}},"line":17},"4":{"name":"(anonymous_4)","decl":{"start":{"line":18,"column":11},"end":{"line":18,"column":12}},"loc":{"start":{"line":18,"column":21},"end":{"line":18,"column":81}},"line":18},"5":{"name":"(anonymous_5)","decl":{"start":{"line":31,"column":2},"end":{"line":31,"column":3}},"loc":{"start":{"line":31,"column":40},"end":{"line":40,"column":3}},"line":31},"6":{"name":"(anonymous_6)","decl":{"start":{"line":42,"column":2},"end":{"line":42,"column":3}},"loc":{"start":{"line":42,"column":56},"end":{"line":56,"column":3}},"line":42},"7":{"name":"(anonymous_7)","decl":{"start":{"line":44,"column":14},"end":{"line":44,"column":15}},"loc":{"start":{"line":44,"column":24},"end":{"line":44,"column":85}},"line":44},"8":{"name":"(anonymous_8)","decl":{"start":{"line":45,"column":11},"end":{"line":45,"column":12}},"loc":{"start":{"line":45,"column":21},"end":{"line":45,"column":81}},"line":45}},"branchMap":{},"s":{"0":0,"1":0,"2":0,"3":0,"4":0,"5":0,"6":0,"7":0,"8":0,"9":0,"10":0,"11":0,"12":0,"13":0},"f":{"0":0,"1":0,"2":0,"3":0,"4":0,"5":0,"6":0,"7":0,"8":0},"b":{},"_coverageSchema":"1a1c01bbd47fc00a2c39e90264f33305004495a9","hash":"1e5a33e4d09e80d66f0728abf1be46247c7ecd38"}
,"C:\\Users\\HP LAPTOP\\Desktop\\tpa-2025-2c-grupo-6\\packages\\backend\\domain\\pedido\\CambioEstadoPedido.js": {"path":"C:\\Users\\HP LAPTOP\\Desktop\\tpa-2025-2c-grupo-6\\packages\\backend\\domain\\pedido\\CambioEstadoPedido.js","statementMap":{"0":{"start":{"line":9,"column":4},"end":{"line":9,"column":24}},"1":{"start":{"line":10,"column":4},"end":{"line":10,"column":26}},"2":{"start":{"line":11,"column":4},"end":{"line":11,"column":26}},"3":{"start":{"line":12,"column":4},"end":{"line":12,"column":28}},"4":{"start":{"line":13,"column":4},"end":{"line":13,"column":26}},"5":{"start":{"line":17,"column":15},"end":{"line":17,"column":34}},"6":{"start":{"line":18,"column":16},"end":{"line":18,"column":36}},"7":{"start":{"line":19,"column":16},"end":{"line":19,"column":36}},"8":{"start":{"line":20,"column":17},"end":{"line":20,"column":38}},"9":{"start":{"line":21,"column":16},"end":{"line":21,"column":36}}},"fnMap":{"0":{"name":"(anonymous_0)","decl":{"start":{"line":8,"column":2},"end":{"line":8,"column":3}},"loc":{"start":{"line":8,"column":54},"end":{"line":14,"column":3}},"line":8},"1":{"name":"(anonymous_1)","decl":{"start":{"line":17,"column":2},"end":{"line":17,"column":3}},"loc":{"start":{"line":17,"column":13},"end":{"line":17,"column":36}},"line":17},"2":{"name":"(anonymous_2)","decl":{"start":{"line":18,"column":2},"end":{"line":18,"column":3}},"loc":{"start":{"line":18,"column":14},"end":{"line":18,"column":38}},"line":18},"3":{"name":"(anonymous_3)","decl":{"start":{"line":19,"column":2},"end":{"line":19,"column":3}},"loc":{"start":{"line":19,"column":14},"end":{"line":19,"column":38}},"line":19},"4":{"name":"(anonymous_4)","decl":{"start":{"line":20,"column":2},"end":{"line":20,"column":3}},"loc":{"start":{"line":20,"column":15},"end":{"line":20,"column":40}},"line":20},"5":{"name":"(anonymous_5)","decl":{"start":{"line":21,"column":2},"end":{"line":21,"column":3}},"loc":{"start":{"line":21,"column":14},"end":{"line":21,"column":38}},"line":21}},"branchMap":{},"s":{"0":0,"1":0,"2":0,"3":0,"4":0,"5":0,"6":0,"7":0,"8":0,"9":0},"f":{"0":0,"1":0,"2":0,"3":0,"4":0,"5":0},"b":{},"_coverageSchema":"1a1c01bbd47fc00a2c39e90264f33305004495a9","hash":"361831b9d1efac4e32e5cddbc3f73e9a02beb952"}
,"C:\\Users\\HP LAPTOP\\Desktop\\tpa-2025-2c-grupo-6\\packages\\backend\\domain\\pedido\\Pedido.js": {"path":"C:\\Users\\HP LAPTOP\\Desktop\\tpa-2025-2c-grupo-6\\packages\\backend\\domain\\pedido\\Pedido.js","statementMap":{"0":{"start":{"line":16,"column":4},"end":{"line":16,"column":18}},"1":{"start":{"line":17,"column":4},"end":{"line":17,"column":32}},"2":{"start":{"line":18,"column":4},"end":{"line":18,"column":30}},"3":{"start":{"line":19,"column":4},"end":{"line":19,"column":26}},"4":{"start":{"line":20,"column":4},"end":{"line":20,"column":46}},"5":{"start":{"line":21,"column":4},"end":{"line":21,"column":42}},"6":{"start":{"line":22,"column":4},"end":{"line":22,"column":37}},"7":{"start":{"line":23,"column":4},"end":{"line":23,"column":32}},"8":{"start":{"line":27,"column":4},"end":{"line":27,"column":71}},"9":{"start":{"line":27,"column":45},"end":{"line":27,"column":66}},"10":{"start":{"line":31,"column":19},"end":{"line":37,"column":5}},"11":{"start":{"line":38,"column":4},"end":{"line":38,"column":40}},"12":{"start":{"line":39,"column":4},"end":{"line":39,"column":31}},"13":{"start":{"line":41,"column":4},"end":{"line":43,"column":5}},"14":{"start":{"line":42,"column":27},"end":{"line":42,"column":75}},"15":{"start":{"line":45,"column":4},"end":{"line":53,"column":5}},"16":{"start":{"line":46,"column":25},"end":{"line":46,"column":49}},"17":{"start":{"line":47,"column":6},"end":{"line":52,"column":9}},"18":{"start":{"line":48,"column":29},"end":{"line":51,"column":9}},"19":{"start":{"line":57,"column":4},"end":{"line":59,"column":6}},"20":{"start":{"line":58,"column":6},"end":{"line":58,"column":59}},"21":{"start":{"line":63,"column":4},"end":{"line":65,"column":7}},"22":{"start":{"line":64,"column":30},"end":{"line":64,"column":62}},"23":{"start":{"line":69,"column":23},"end":{"line":69,"column":47}},"24":{"start":{"line":70,"column":4},"end":{"line":75,"column":7}},"25":{"start":{"line":71,"column":27},"end":{"line":74,"column":7}},"26":{"start":{"line":79,"column":4},"end":{"line":79,"column":27}},"27":{"start":{"line":83,"column":4},"end":{"line":83,"column":23}},"28":{"start":{"line":87,"column":4},"end":{"line":87,"column":34}},"29":{"start":{"line":91,"column":4},"end":{"line":91,"column":20}},"30":{"start":{"line":95,"column":16},"end":{"line":95,"column":36}},"31":{"start":{"line":96,"column":16},"end":{"line":96,"column":36}},"32":{"start":{"line":97,"column":23},"end":{"line":97,"column":50}},"33":{"start":{"line":98,"column":26},"end":{"line":98,"column":56}}},"fnMap":{"0":{"name":"(anonymous_0)","decl":{"start":{"line":15,"column":2},"end":{"line":15,"column":3}},"loc":{"start":{"line":15,"column":62},"end":{"line":24,"column":3}},"line":15},"1":{"name":"(anonymous_1)","decl":{"start":{"line":26,"column":2},"end":{"line":26,"column":3}},"loc":{"start":{"line":26,"column":18},"end":{"line":28,"column":3}},"line":26},"2":{"name":"(anonymous_2)","decl":{"start":{"line":27,"column":30},"end":{"line":27,"column":31}},"loc":{"start":{"line":27,"column":45},"end":{"line":27,"column":66}},"line":27},"3":{"name":"(anonymous_3)","decl":{"start":{"line":30,"column":2},"end":{"line":30,"column":3}},"loc":{"start":{"line":30,"column":47},"end":{"line":54,"column":3}},"line":30},"4":{"name":"(anonymous_4)","decl":{"start":{"line":47,"column":25},"end":{"line":47,"column":26}},"loc":{"start":{"line":47,"column":39},"end":{"line":52,"column":7}},"line":47},"5":{"name":"(anonymous_5)","decl":{"start":{"line":56,"column":2},"end":{"line":56,"column":3}},"loc":{"start":{"line":56,"column":17},"end":{"line":60,"column":3}},"line":56},"6":{"name":"(anonymous_6)","decl":{"start":{"line":57,"column":29},"end":{"line":57,"column":30}},"loc":{"start":{"line":58,"column":6},"end":{"line":58,"column":59}},"line":58},"7":{"name":"(anonymous_7)","decl":{"start":{"line":62,"column":2},"end":{"line":62,"column":3}},"loc":{"start":{"line":62,"column":22},"end":{"line":66,"column":3}},"line":62},"8":{"name":"(anonymous_8)","decl":{"start":{"line":64,"column":22},"end":{"line":64,"column":23}},"loc":{"start":{"line":64,"column":30},"end":{"line":64,"column":62}},"line":64},"9":{"name":"(anonymous_9)","decl":{"start":{"line":68,"column":2},"end":{"line":68,"column":3}},"loc":{"start":{"line":68,"column":16},"end":{"line":76,"column":3}},"line":68},"10":{"name":"(anonymous_10)","decl":{"start":{"line":70,"column":23},"end":{"line":70,"column":24}},"loc":{"start":{"line":70,"column":37},"end":{"line":75,"column":5}},"line":70},"11":{"name":"(anonymous_11)","decl":{"start":{"line":78,"column":2},"end":{"line":78,"column":3}},"loc":{"start":{"line":78,"column":17},"end":{"line":80,"column":3}},"line":78},"12":{"name":"(anonymous_12)","decl":{"start":{"line":82,"column":2},"end":{"line":82,"column":3}},"loc":{"start":{"line":82,"column":13},"end":{"line":84,"column":3}},"line":82},"13":{"name":"(anonymous_13)","decl":{"start":{"line":86,"column":2},"end":{"line":86,"column":3}},"loc":{"start":{"line":86,"column":24},"end":{"line":88,"column":3}},"line":86},"14":{"name":"(anonymous_14)","decl":{"start":{"line":90,"column":2},"end":{"line":90,"column":3}},"loc":{"start":{"line":90,"column":10},"end":{"line":92,"column":3}},"line":90},"15":{"name":"(anonymous_15)","decl":{"start":{"line":95,"column":2},"end":{"line":95,"column":3}},"loc":{"start":{"line":95,"column":14},"end":{"line":95,"column":38}},"line":95},"16":{"name":"(anonymous_16)","decl":{"start":{"line":96,"column":2},"end":{"line":96,"column":3}},"loc":{"start":{"line":96,"column":14},"end":{"line":96,"column":38}},"line":96},"17":{"name":"(anonymous_17)","decl":{"start":{"line":97,"column":2},"end":{"line":97,"column":3}},"loc":{"start":{"line":97,"column":21},"end":{"line":97,"column":52}},"line":97},"18":{"name":"(anonymous_18)","decl":{"start":{"line":98,"column":2},"end":{"line":98,"column":3}},"loc":{"start":{"line":98,"column":24},"end":{"line":98,"column":58}},"line":98}},"branchMap":{"0":{"loc":{"start":{"line":18,"column":18},"end":{"line":18,"column":29}},"type":"binary-expr","locations":[{"start":{"line":18,"column":18},"end":{"line":18,"column":23}},{"start":{"line":18,"column":27},"end":{"line":18,"column":29}}],"line":18},"1":{"loc":{"start":{"line":41,"column":4},"end":{"line":43,"column":5}},"type":"if","locations":[{"start":{"line":41,"column":4},"end":{"line":43,"column":5}},{"start":{},"end":{}}],"line":41},"2":{"loc":{"start":{"line":45,"column":4},"end":{"line":53,"column":5}},"type":"if","locations":[{"start":{"line":45,"column":4},"end":{"line":53,"column":5}},{"start":{},"end":{}}],"line":45}},"s":{"0":6,"1":6,"2":6,"3":6,"4":6,"5":6,"6":6,"7":6,"8":1,"9":2,"10":0,"11":0,"12":0,"13":0,"14":0,"15":0,"16":0,"17":0,"18":0,"19":2,"20":3,"21":1,"22":2,"23":0,"24":0,"25":0,"26":1,"27":1,"28":1,"29":1,"30":0,"31":1,"32":0,"33":0},"f":{"0":6,"1":1,"2":2,"3":0,"4":0,"5":2,"6":3,"7":1,"8":2,"9":0,"10":0,"11":1,"12":1,"13":1,"14":1,"15":0,"16":1,"17":0,"18":0},"b":{"0":[6,0],"1":[0,0],"2":[0,0]},"_coverageSchema":"1a1c01bbd47fc00a2c39e90264f33305004495a9","hash":"514016070a73dd2fe615b8f8770073033a0873a1"}
,"C:\\Users\\HP LAPTOP\\Desktop\\tpa-2025-2c-grupo-6\\packages\\backend\\domain\\pedido\\enums.js": {"path":"C:\\Users\\HP LAPTOP\\Desktop\\tpa-2025-2c-grupo-6\\packages\\backend\\domain\\pedido\\enums.js","statementMap":{"0":{"start":{"line":1,"column":27},"end":{"line":5,"column":2}},"1":{"start":{"line":7,"column":22},"end":{"line":11,"column":2}},"2":{"start":{"line":13,"column":28},"end":{"line":20,"column":2}}},"fnMap":{},"branchMap":{},"s":{"0":1,"1":1,"2":1},"f":{},"b":{},"_coverageSchema":"1a1c01bbd47fc00a2c39e90264f33305004495a9","hash":"062ace1ae081763f6be003be0838df75d97a2bb7"}
}
