TN:
SF:controllers/pedidoController.js
FN:5,(anonymous_0)
FN:9,(anonymous_1)
FN:22,(anonymous_2)
FN:25,(anonymous_3)
FN:31,(anonymous_4)
FN:45,(anonymous_5)
FN:50,(anonymous_6)
FN:59,(anonymous_7)
FN:93,(anonymous_8)
FNF:9
FNH:7
FNDA:1,(anonymous_0)
FNDA:7,(anonymous_1)
FNDA:0,(anonymous_2)
FNDA:0,(anonymous_3)
FNDA:4,(anonymous_4)
FNDA:1,(anonymous_5)
FNDA:5,(anonymous_6)
FNDA:5,(anonymous_7)
FNDA:2,(anonymous_8)
DA:6,1
DA:9,1
DA:10,7
DA:11,7
DA:12,7
DA:13,7
DA:18,0
DA:22,1
DA:23,0
DA:24,0
DA:25,0
DA:27,0
DA:31,1
DA:32,4
DA:33,4
DA:34,4
DA:35,4
DA:36,2
DA:41,2
DA:45,1
DA:46,1
DA:47,1
DA:48,1
DA:50,5
DA:59,5
DA:82,1
DA:85,0
DA:86,0
DA:88,1
DA:89,0
DA:93,1
DA:94,2
DA:95,2
DA:96,2
DA:97,2
DA:98,1
DA:103,1
LF:37
LH:29
BRF:0
BRH:0
end_of_record
TN:
SF:domain/pedido/CambioEstadoPedido.js
FN:8,(anonymous_0)
FN:17,(anonymous_1)
FN:18,(anonymous_2)
FN:19,(anonymous_3)
FN:20,(anonymous_4)
FN:21,(anonymous_5)
FNF:6
FNH:1
FNDA:3,(anonymous_0)
FNDA:0,(anonymous_1)
FNDA:0,(anonymous_2)
FNDA:0,(anonymous_3)
FNDA:0,(anonymous_4)
FNDA:0,(anonymous_5)
DA:9,3
DA:10,3
DA:11,3
DA:12,3
DA:13,3
DA:17,0
DA:18,0
DA:19,0
DA:20,0
DA:21,0
LF:10
LH:5
BRF:0
BRH:0
end_of_record
TN:
SF:domain/pedido/DireccionEntrega.js
FN:14,(anonymous_0)
FN:38,(anonymous_1)
FN:42,(anonymous_2)
FN:47,(anonymous_3)
FN:48,(anonymous_4)
FN:49,(anonymous_5)
FN:50,(anonymous_6)
FN:51,(anonymous_7)
FN:52,(anonymous_8)
FN:53,(anonymous_9)
FN:54,(anonymous_10)
FNF:11
FNH:9
FNDA:7,(anonymous_0)
FNDA:15,(anonymous_1)
FNDA:15,(anonymous_2)
FNDA:15,(anonymous_3)
FNDA:15,(anonymous_4)
FNDA:15,(anonymous_5)
FNDA:15,(anonymous_6)
FNDA:15,(anonymous_7)
FNDA:15,(anonymous_8)
FNDA:0,(anonymous_9)
FNDA:0,(anonymous_10)
DA:26,7
DA:27,7
DA:28,7
DA:29,7
DA:30,7
DA:31,7
DA:32,7
DA:33,7
DA:34,7
DA:35,7
DA:39,15
DA:43,15
DA:47,15
DA:48,15
DA:49,15
DA:50,15
DA:51,15
DA:52,15
DA:53,0
DA:54,0
LF:20
LH:18
BRF:0
BRH:0
end_of_record
TN:
SF:domain/pedido/ItemPedido.js
FN:6,(anonymous_0)
FN:12,(anonymous_1)
FN:16,(anonymous_2)
FN:20,(anonymous_3)
FN:25,(anonymous_4)
FNF:5
FNH:5
FNDA:7,(anonymous_0)
FNDA:15,(anonymous_1)
FNDA:98,(anonymous_2)
FNDA:22,(anonymous_3)
FNDA:15,(anonymous_4)
DA:7,7
DA:8,7
DA:9,7
DA:13,15
DA:17,98
DA:21,22
DA:25,15
LF:7
LH:7
BRF:0
BRH:0
end_of_record
TN:
SF:domain/pedido/Pedido.js
FN:15,(anonymous_0)
FN:26,(anonymous_1)
FN:27,(anonymous_2)
FN:30,(anonymous_3)
FN:51,(anonymous_4)
FN:60,(anonymous_5)
FN:61,(anonymous_6)
FN:66,(anonymous_7)
FN:68,(anonymous_8)
FN:74,(anonymous_9)
FN:76,(anonymous_10)
FN:84,(anonymous_11)
FN:88,(anonymous_12)
FN:92,(anonymous_13)
FN:96,(anonymous_14)
FN:101,(anonymous_15)
FN:102,(anonymous_16)
FN:103,(anonymous_17)
FN:104,(anonymous_18)
FN:106,(anonymous_19)
FN:109,(anonymous_20)
FNF:21
FNH:19
FNDA:7,(anonymous_0)
FNDA:15,(anonymous_1)
FNDA:15,(anonymous_2)
FNDA:3,(anonymous_3)
FNDA:2,(anonymous_4)
FNDA:7,(anonymous_5)
FNDA:7,(anonymous_6)
FNDA:9,(anonymous_7)
FNDA:9,(anonymous_8)
FNDA:7,(anonymous_9)
FNDA:7,(anonymous_10)
FNDA:34,(anonymous_11)
FNDA:7,(anonymous_12)
FNDA:40,(anonymous_13)
FNDA:97,(anonymous_14)
FNDA:0,(anonymous_15)
FNDA:11,(anonymous_16)
FNDA:5,(anonymous_17)
FNDA:0,(anonymous_18)
FNDA:10,(anonymous_19)
FNDA:10,(anonymous_20)
DA:16,7
DA:17,7
DA:18,7
DA:19,7
DA:20,7
DA:21,7
DA:22,7
DA:23,7
DA:27,15
DA:32,3
DA:33,0
DA:35,3
DA:42,3
DA:43,3
DA:45,3
DA:46,1
DA:49,3
DA:50,2
DA:51,2
DA:52,2
DA:61,7
DA:62,7
DA:67,9
DA:68,9
DA:69,9
DA:71,9
DA:75,7
DA:76,7
DA:77,7
DA:85,34
DA:89,7
DA:93,40
DA:97,97
DA:101,0
DA:102,11
DA:103,5
DA:104,0
DA:107,10
DA:109,10
LF:39
LH:36
BRDA:18,0,0,7
BRDA:18,0,1,0
BRDA:32,1,0,0
BRDA:32,1,1,3
BRDA:32,2,0,3
BRDA:32,2,1,0
BRDA:45,3,0,1
BRDA:45,3,1,2
BRDA:49,4,0,2
BRDA:49,4,1,1
BRF:10
BRH:7
end_of_record
TN:
SF:domain/pedido/enums.js
FNF:0
FNH:0
DA:1,1
DA:7,1
DA:13,1
LF:3
LH:3
BRF:0
BRH:0
end_of_record
TN:
SF:domain/producto/Producto.js
FN:14,(anonymous_0)
FN:40,(anonymous_1)
FN:44,(anonymous_2)
FN:52,(anonymous_3)
FN:56,(anonymous_4)
FN:60,(anonymous_5)
FN:64,(anonymous_6)
FN:69,(anonymous_7)
FN:70,(anonymous_8)
FN:71,(anonymous_9)
FN:72,(anonymous_10)
FN:73,(anonymous_11)
FN:74,(anonymous_12)
FN:75,(anonymous_13)
FN:76,(anonymous_14)
FN:77,(anonymous_15)
FNF:16
FNH:5
FNDA:7,(anonymous_0)
FNDA:7,(anonymous_1)
FNDA:0,(anonymous_2)
FNDA:0,(anonymous_3)
FNDA:0,(anonymous_4)
FNDA:61,(anonymous_5)
FNDA:15,(anonymous_6)
FNDA:15,(anonymous_7)
FNDA:0,(anonymous_8)
FNDA:0,(anonymous_9)
FNDA:0,(anonymous_10)
FNDA:0,(anonymous_11)
FNDA:0,(anonymous_12)
FNDA:0,(anonymous_13)
FNDA:0,(anonymous_14)
FNDA:0,(anonymous_15)
DA:27,7
DA:28,7
DA:29,7
DA:30,7
DA:31,7
DA:32,7
DA:33,7
DA:34,7
DA:35,7
DA:36,7
DA:37,7
DA:41,7
DA:45,0
DA:46,0
DA:48,0
DA:53,0
DA:57,0
DA:61,61
DA:65,15
DA:69,15
DA:70,0
DA:71,0
DA:72,0
DA:73,0
DA:74,0
DA:75,0
DA:76,0
DA:77,0
LF:28
LH:15
BRDA:36,0,0,7
BRDA:36,0,1,0
BRDA:45,1,0,0
BRDA:45,1,1,0
BRF:4
BRH:1
end_of_record
TN:
SF:domain/usuario/Usuario.js
FN:9,(anonymous_0)
FN:18,(anonymous_1)
FN:22,(anonymous_2)
FN:27,(anonymous_3)
FN:28,(anonymous_4)
FN:29,(anonymous_5)
FN:30,(anonymous_6)
FNF:7
FNH:6
FNDA:14,(anonymous_0)
FNDA:25,(anonymous_1)
FNDA:36,(anonymous_2)
FNDA:25,(anonymous_3)
FNDA:25,(anonymous_4)
FNDA:25,(anonymous_5)
FNDA:0,(anonymous_6)
DA:10,14
DA:11,14
DA:12,14
DA:13,14
DA:14,14
DA:15,14
DA:19,25
DA:23,36
DA:27,25
DA:28,25
DA:29,25
DA:30,0
LF:12
LH:11
BRF:0
BRH:0
end_of_record
TN:
SF:repositories/pedidoRepository.js
FN:2,(anonymous_0)
FN:6,(anonymous_1)
FN:7,(anonymous_2)
FN:16,(anonymous_3)
FN:20,(anonymous_4)
FN:21,(anonymous_5)
FNF:6
FNH:6
FNDA:1,(anonymous_0)
FNDA:10,(anonymous_1)
FNDA:33,(anonymous_2)
FNDA:1,(anonymous_3)
FNDA:6,(anonymous_4)
FNDA:26,(anonymous_5)
DA:3,1
DA:7,33
DA:8,10
DA:9,3
DA:11,7
DA:13,10
DA:17,1
DA:21,26
LF:8
LH:8
BRDA:8,0,0,3
BRDA:8,0,1,7
BRF:2
BRH:2
end_of_record
TN:
SF:routes/pedidoRoutes.js
FN:3,createPedidoRouter
FNF:1
FNH:1
FNDA:7,createPedidoRouter
DA:4,7
DA:6,7
DA:7,7
DA:8,7
DA:9,7
DA:10,7
DA:12,7
LF:7
LH:7
BRF:0
BRH:0
end_of_record
TN:
SF:services/pedidoService.js
FN:8,(anonymous_0)
FN:14,(anonymous_1)
FN:23,(anonymous_2)
FN:79,(anonymous_3)
FN:84,(anonymous_4)
FN:110,(anonymous_5)
FN:113,(anonymous_6)
FN:119,(anonymous_7)
FN:124,(anonymous_8)
FNF:9
FNH:8
FNDA:1,(anonymous_0)
FNDA:7,(anonymous_1)
FNDA:7,(anonymous_2)
FNDA:0,(anonymous_3)
FNDA:4,(anonymous_4)
FNDA:1,(anonymous_5)
FNDA:5,(anonymous_6)
FNDA:2,(anonymous_7)
FNDA:2,(anonymous_8)
DA:9,1
DA:10,1
DA:15,7
DA:23,7
DA:24,7
DA:49,7
DA:62,7
DA:70,7
DA:71,0
DA:74,7
DA:75,7
DA:80,0
DA:85,4
DA:86,4
DA:88,4
DA:89,1
DA:92,3
DA:93,0
DA:94,3
DA:95,1
DA:98,2
DA:99,2
DA:111,1
DA:112,1
DA:113,5
DA:120,2
DA:121,2
DA:123,2
DA:124,2
DA:127,2
DA:128,1
DA:131,1
DA:132,1
LF:33
LH:30
BRDA:70,0,0,0
BRDA:70,0,1,7
BRDA:86,1,0,0
BRDA:86,1,1,4
BRDA:88,2,0,1
BRDA:88,2,1,3
BRDA:92,3,0,0
BRDA:92,3,1,3
BRDA:94,4,0,1
BRDA:94,4,1,2
BRDA:121,5,0,0
BRDA:121,5,1,2
BRDA:127,6,0,1
BRDA:127,6,1,1
BRF:14
BRH:10
end_of_record
