TN:
SF:domain\notificacion\FactoryNotificacion.js
FN:2,(anonymous_0)
FN:6,(anonymous_1)
FN:15,(anonymous_2)
FN:17,(anonymous_3)
FN:18,(anonymous_4)
FN:31,(anonymous_5)
FN:42,(anonymous_6)
FN:44,(anonymous_7)
FN:45,(anonymous_8)
FNF:9
FNH:0
FNDA:0,(anonymous_0)
FNDA:0,(anonymous_1)
FNDA:0,(anonymous_2)
FNDA:0,(anonymous_3)
FNDA:0,(anonymous_4)
FNDA:0,(anonymous_5)
FNDA:0,(anonymous_6)
FNDA:0,(anonymous_7)
FNDA:0,(anonymous_8)
DA:3,0
DA:7,0
DA:16,0
DA:17,0
DA:18,0
DA:21,0
DA:23,0
DA:32,0
DA:34,0
DA:43,0
DA:44,0
DA:45,0
DA:48,0
DA:50,0
LF:14
LH:0
BRF:0
BRH:0
end_of_record
TN:
SF:domain\pedido\CambioEstadoPedido.js
FN:8,(anonymous_0)
FN:17,(anonymous_1)
FN:18,(anonymous_2)
FN:19,(anonymous_3)
FN:20,(anonymous_4)
FN:21,(anonymous_5)
FNF:6
FNH:0
FNDA:0,(anonymous_0)
FNDA:0,(anonymous_1)
FNDA:0,(anonymous_2)
FNDA:0,(anonymous_3)
FNDA:0,(anonymous_4)
FNDA:0,(anonymous_5)
DA:9,0
DA:10,0
DA:11,0
DA:12,0
DA:13,0
DA:17,0
DA:18,0
DA:19,0
DA:20,0
DA:21,0
LF:10
LH:0
BRF:0
BRH:0
end_of_record
TN:
SF:domain\pedido\Pedido.js
FN:15,(anonymous_0)
FN:26,(anonymous_1)
FN:27,(anonymous_2)
FN:30,(anonymous_3)
FN:47,(anonymous_4)
FN:56,(anonymous_5)
FN:57,(anonymous_6)
FN:62,(anonymous_7)
FN:64,(anonymous_8)
FN:68,(anonymous_9)
FN:70,(anonymous_10)
FN:78,(anonymous_11)
FN:82,(anonymous_12)
FN:86,(anonymous_13)
FN:90,(anonymous_14)
FN:95,(anonymous_15)
FN:96,(anonymous_16)
FN:97,(anonymous_17)
FN:98,(anonymous_18)
FNF:19
FNH:12
FNDA:6,(anonymous_0)
FNDA:1,(anonymous_1)
FNDA:2,(anonymous_2)
FNDA:0,(anonymous_3)
FNDA:0,(anonymous_4)
FNDA:2,(anonymous_5)
FNDA:3,(anonymous_6)
FNDA:1,(anonymous_7)
FNDA:2,(anonymous_8)
FNDA:0,(anonymous_9)
FNDA:0,(anonymous_10)
FNDA:1,(anonymous_11)
FNDA:1,(anonymous_12)
FNDA:1,(anonymous_13)
FNDA:1,(anonymous_14)
FNDA:0,(anonymous_15)
FNDA:1,(anonymous_16)
FNDA:0,(anonymous_17)
FNDA:0,(anonymous_18)
DA:16,6
DA:17,6
DA:18,6
DA:19,6
DA:20,6
DA:21,6
DA:22,6
DA:23,6
DA:27,2
DA:31,0
DA:38,0
DA:39,0
DA:41,0
DA:42,0
DA:45,0
DA:46,0
DA:47,0
DA:48,0
DA:57,2
DA:58,3
DA:63,1
DA:64,2
DA:69,0
DA:70,0
DA:71,0
DA:79,1
DA:83,1
DA:87,1
DA:91,1
DA:95,0
DA:96,1
DA:97,0
DA:98,0
LF:33
LH:18
BRDA:18,0,0,6
BRDA:18,0,1,0
BRDA:41,1,0,0
BRDA:41,1,1,0
BRDA:45,2,0,0
BRDA:45,2,1,0
BRF:6
BRH:1
end_of_record
TN:
SF:domain\pedido\enums.js
FNF:0
FNH:0
DA:1,1
DA:7,1
DA:13,1
LF:3
LH:3
BRF:0
BRH:0
end_of_record
